<testsuite name="maven-test-munit-test-suite" time="0.452" failures="0" errors="0" skipped="0" tests="1">
  <properties>
    <property key="JOB_NAME" value="maven test build"/>
    <property key="java.vendor" value="Oracle Corporation"/>
    <property key="sun.java.launcher" value="SUN_STANDARD"/>
    <property key="NUMBER_OF_PROCESSORS" value="4"/>
    <property key="sun.management.compiler" value="HotSpot 64-Bit Tiered Compilers"/>
    <property key="JENKINS_HOME" value="C:\Program Files (x86)\Jenkins"/>
    <property key="HUDSON_SERVER_COOKIE" value="7aa71f4d69a5daf0"/>
    <property key="os.name" value="Windows 8.1"/>
    <property key="EXECUTOR_NUMBER" value="1"/>
    <property key="sun.boot.class.path" value="C:\Program Files\Java\jdk1.8.0_171\jre\lib\resources.jar;C:\Program Files\Java\jdk1.8.0_171\jre\lib\rt.jar;C:\Program Files\Java\jdk1.8.0_171\jre\lib\sunrsasign.jar;C:\Program Files\Java\jdk1.8.0_171\jre\lib\jsse.jar;C:\Program Files\Java\jdk1.8.0_171\jre\lib\jce.jar;C:\Program Files\Java\jdk1.8.0_171\jre\lib\charsets.jar;C:\Program Files\Java\jdk1.8.0_171\jre\lib\jfr.jar;C:\Program Files\Java\jdk1.8.0_171\jre\classes"/>
    <property key="PATHEXT" value=".COM;.EXE;.BAT;.CMD;.VBS;.VBE;.JS;.JSE;.WSF;.WSH;.MSC"/>
    <property key="sun.desktop" value="windows"/>
    <property key="java.vm.specification.vendor" value="Oracle Corporation"/>
    <property key="TEMP" value="C:\windows\TEMP"/>
    <property key="NODE_LABELS" value="master"/>
    <property key="java.runtime.version" value="1.8.0_171-b11"/>
    <property key="WINSW_SERVICE_ID" value="Jenkins"/>
    <property key="GIT_COMMITTER_EMAIL" value="phanihandy227@gmail.com"/>
    <property key="user.name" value="PANDUMUNNA$"/>
    <property key="guice.disable.misplaced.annotation.check" value="true"/>
    <property key="CommonProgramW6432" value="C:\Program Files\Common Files"/>
    <property key="ProgramFiles" value="C:\Program Files (x86)"/>
    <property key="user.language" value="en"/>
    <property key="RUN_CHANGES_DISPLAY_URL" value="http://localhost:8080/job/maven%20test%20build/2/display/redirect?page=changes"/>
    <property key="JOB_BASE_NAME" value="maven test build"/>
    <property key="BUILD_DISPLAY_NAME" value="#2"/>
    <property key="sun.boot.library.path" value="C:\Program Files\Java\jdk1.8.0_171\jre\bin"/>
    <property key="RTV_DEMOSERVER" value="C:\Program Files (x86)\TIBCO RTV_5.9.1.0\servers\apache-tomcat-6.0.18-sl"/>
    <property key="LOCALAPPDATA" value="C:\windows\system32\config\systemprofile\AppData\Local"/>
    <property key="java.version" value="1.8.0_171"/>
    <property key="PROCESSOR_LEVEL" value="6"/>
    <property key="user.timezone" value="Australia/Sydney"/>
    <property key="USERNAME" value="PANDUMUNNA$"/>
    <property key="GIT_AUTHOR_NAME" value="phanihandy227"/>
    <property key="sun.arch.data.model" value="64"/>
    <property key="PROCESSOR_ARCHITEW6432" value="AMD64"/>
    <property key="NODE_NAME" value="master"/>
    <property key="java.endorsed.dirs" value="C:\Program Files\Java\jdk1.8.0_171\jre\lib\endorsed"/>
    <property key="BUILD_ID" value="2"/>
    <property key="sun.cpu.isalist" value="amd64"/>
    <property key="sun.jnu.encoding" value="Cp1252"/>
    <property key="file.encoding.pkg" value="sun.io"/>
    <property key="RTV_HOME" value="C:\Program Files (x86)\TIBCO RTV_5.9.1.0"/>
    <property key="maven.conf" value="C:\apache-maven-3.5.4\conf"/>
    <property key="file.separator" value="\"/>
    <property key="java.specification.name" value="Java Platform API Specification"/>
    <property key="java.class.version" value="52.0"/>
    <property key="org.slf4j.simpleLogger.defaultLogLevel" value="info"/>
    <property key="user.country" value="US"/>
    <property key="ALLUSERSPROFILE" value="C:\ProgramData"/>
    <property key="java.home" value="C:\Program Files\Java\jdk1.8.0_171\jre"/>
    <property key="java.vm.info" value="mixed mode"/>
    <property key="os.version" value="6.3"/>
    <property key="RUN_DISPLAY_URL" value="http://localhost:8080/job/maven%20test%20build/2/display/redirect"/>
    <property key="TMP" value="C:\windows\TEMP"/>
    <property key="path.separator" value=";"/>
    <property key="java.vm.version" value="25.171-b11"/>
    <property key="user.variant" value=""/>
    <property key="GIT_PREVIOUS_COMMIT" value="b3b4d07d0d06d0cc16e195f636475112991e6bd0"/>
    <property key="JOB_DISPLAY_URL" value="http://localhost:8080/job/maven%20test%20build/display/redirect"/>
    <property key="CommonProgramFiles(x86)" value="C:\Program Files (x86)\Common Files"/>
    <property key="FP_NO_HOST_CHECK" value="NO"/>
    <property key="java.awt.printerjob" value="sun.awt.windows.WPrinterJob"/>
    <property key="JAVA_HOME" value="C:\Program Files\Java\jdk1.8.0_171"/>
    <property key="sun.io.unicode.encoding" value="UnicodeLittle"/>
    <property key="CommonProgramFiles" value="C:\Program Files (x86)\Common Files"/>
    <property key="ComSpec" value="C:\windows\system32\cmd.exe"/>
    <property key="awt.toolkit" value="sun.awt.windows.WToolkit"/>
    <property key="SERVICE_ID" value="Jenkins"/>
    <property key="COMPUTERNAME" value="PANDUMUNNA"/>
    <property key="user.script" value=""/>
    <property key="asl.log" value="Destination=file"/>
    <property key="PUBLIC" value="C:\Users\Public"/>
    <property key="GIT_COMMITTER_NAME" value="phanihandy227"/>
    <property key="user.home" value="C:\windows\system32\config\systemprofile"/>
    <property key="JENKINS_SERVER_COOKIE" value="7aa71f4d69a5daf0"/>
    <property key="BUILD_TAG" value="jenkins-maven test build-2"/>
    <property key="HUDSON_URL" value="http://localhost:8080/"/>
    <property key="ProgramData" value="C:\ProgramData"/>
    <property key="java.specification.vendor" value="Oracle Corporation"/>
    <property key="USERPROFILE" value="C:\windows\system32\config\systemprofile"/>
    <property key="CLASSPATH" value=""/>
    <property key="java.library.path" value="C:\Program Files\Java\jdk1.8.0_171\bin;C:\windows\Sun\Java\bin;C:\windows\system32;C:\windows;C:\apache-maven-3.5.4/bin;C:\Program Files\Java\jdk1.8.0_171/bin;C:\Program Files\Java\jdk1.8.0_171/bin;C:\oraclexe\app\oracle\product\11.2.0\server\bin;;C:\Program Files (x86)\Common Files\Oracle\Java\javapath;c:\tibco_new\tibrv\8.4\bin;C:\ProgramData\Oracle\Java\javapath;C:\tibco\tibrv\8.4\bin;C:\Program Files (x86)\Intel\iCLS Client\;C:\Program Files\Intel\iCLS Client\;C:\Program Files (x86)\NVIDIA Corporation\PhysX\Common;C:\windows\system32;C:\windows;C:\windows\System32\Wbem;C:\windows\System32\WindowsPowerShell\v1.0\;C:\Program Files\Intel\Intel(R) Management Engine Components\DAL;C:\Program Files\Intel\Intel(R) Management Engine Components\IPT;C:\Program Files (x86)\Intel\Intel(R) Management Engine Components\DAL;C:\Program Files (x86)\Intel\Intel(R) Management Engine Components\IPT;C:\Program Files\Condusiv Technologies\ExpressCache\;C:\Program Files (x86)\Windows Live\Shared;C:\Program Files (x86)\Common Files\lenovo\easyplussdk\bin;C:\Program Files\Microsoft SQL Server\Client SDK\ODBC\110\Tools\Binn\;C:\Program Files (x86)\Microsoft SQL Server\120\Tools\Binn\;C:\Program Files\Microsoft SQL Server\120\Tools\Binn\;C:\Program Files\Microsoft SQL Server\120\DTS\Binn\;C:\Program Files (x86)\Microsoft SQL Server\120\Tools\Binn\ManagementStudio\;C:\Program Files (x86)\Microsoft SQL Server\120\DTS\Binn\;C:\Program Files\Intel\WiFi\bin\;C:\Program Files\Common Files\Intel\WirelessCommon\;C:\Program Files (x86)\Skype\Phone\;C:\Program Files\Java\jdk1.8.0_171\bin;C:\apache-maven-3.5.4\bin;C:\Program Files\Git\cmd;C:\Program Files\Git\mingw64\bin;C:\Program Files\Git\usr\bin;;."/>
    <property key="java.vendor.url" value="http://java.oracle.com/"/>
    <property key="MULE_HOME" value="C:\Phani\Softwares\AnypointStudio-for-win-64bit-6.5.0-201806071907 (1)\AnypointStudio"/>
    <property key="APPDATA" value="C:\windows\system32\config\systemprofile\AppData\Roaming"/>
    <property key="java.vm.vendor" value="Oracle Corporation"/>
    <property key="maven.home" value="C:\apache-maven-3.5.4"/>
    <property key="java.runtime.name" value="Java(TM) SE Runtime Environment"/>
    <property key="sun.java.command" value="jenkins.maven3.agent.Maven35Main C:\apache-maven-3.5.4 C:\Program Files (x86)\Jenkins\war\WEB-INF\lib\remoting-3.21.1.jar C:\Program Files (x86)\Jenkins\plugins\maven-plugin\WEB-INF\lib\maven35-interceptor-1.12-alpha-1.jar C:\Program Files (x86)\Jenkins\plugins\maven-plugin\WEB-INF\lib\maven3-interceptor-commons-1.12-alpha-1.jar 65281"/>
    <property key="java.class.path" value="C:\Program Files (x86)\Jenkins\plugins\maven-plugin\WEB-INF\lib\maven35-agent-1.12-alpha-1.jar;C:\apache-maven-3.5.4\boot\plexus-classworlds-2.5.2.jar;C:\apache-maven-3.5.4/conf/logging"/>
    <property key="Path" value="C:\Program Files\Java\jdk1.8.0_171/bin;C:\oraclexe\app\oracle\product\11.2.0\server\bin;;C:\Program Files (x86)\Common Files\Oracle\Java\javapath;c:\tibco_new\tibrv\8.4\bin;C:\ProgramData\Oracle\Java\javapath;C:\tibco\tibrv\8.4\bin;C:\Program Files (x86)\Intel\iCLS Client\;C:\Program Files\Intel\iCLS Client\;C:\Program Files (x86)\NVIDIA Corporation\PhysX\Common;C:\windows\system32;C:\windows;C:\windows\System32\Wbem;C:\windows\System32\WindowsPowerShell\v1.0\;C:\Program Files\Intel\Intel(R) Management Engine Components\DAL;C:\Program Files\Intel\Intel(R) Management Engine Components\IPT;C:\Program Files (x86)\Intel\Intel(R) Management Engine Components\DAL;C:\Program Files (x86)\Intel\Intel(R) Management Engine Components\IPT;C:\Program Files\Condusiv Technologies\ExpressCache\;C:\Program Files (x86)\Windows Live\Shared;C:\Program Files (x86)\Common Files\lenovo\easyplussdk\bin;C:\Program Files\Microsoft SQL Server\Client SDK\ODBC\110\Tools\Binn\;C:\Program Files (x86)\Microsoft SQL Server\120\Tools\Binn\;C:\Program Files\Microsoft SQL Server\120\Tools\Binn\;C:\Program Files\Microsoft SQL Server\120\DTS\Binn\;C:\Program Files (x86)\Microsoft SQL Server\120\Tools\Binn\ManagementStudio\;C:\Program Files (x86)\Microsoft SQL Server\120\DTS\Binn\;C:\Program Files\Intel\WiFi\bin\;C:\Program Files\Common Files\Intel\WirelessCommon\;C:\Program Files (x86)\Skype\Phone\;C:\Program Files\Java\jdk1.8.0_171\bin;C:\apache-maven-3.5.4\bin;C:\Program Files\Git\cmd;C:\Program Files\Git\mingw64\bin;C:\Program Files\Git\usr\bin;"/>
    <property key="PROCESSOR_ARCHITECTURE" value="x86"/>
    <property key="java.vm.specification.name" value="Java Virtual Machine Specification"/>
    <property key="PROCESSOR_IDENTIFIER" value="Intel64 Family 6 Model 69 Stepping 1, GenuineIntel"/>
    <property key="PATH+JDK" value="C:\Program Files\Java\jdk1.8.0_171/bin"/>
    <property key="java.vm.specification.version" value="1.8"/>
    <property key="M2_HOME" value="C:\apache-maven-3.5.4"/>
    <property key="HAWK_ROOT" value="C:\ProgramData\TIBCO_HOME_NEW\tibco\cfgmgmt\hawk\bin"/>
    <property key="sun.cpu.endian" value="little"/>
    <property key="sun.os.patch.level" value=""/>
    <property key="OS" value="Windows_NT"/>
    <property key="java.io.tmpdir" value="C:\windows\TEMP\"/>
    <property key="PATH+MAVEN" value="C:\apache-maven-3.5.4/bin"/>
    <property key="HUDSON_HOME" value="C:\Program Files (x86)\Jenkins"/>
    <property key="ProgramFiles(x86)" value="C:\Program Files (x86)"/>
    <property key="java.vendor.url.bug" value="http://bugreport.sun.com/bugreport/"/>
    <property key="BUILD_URL" value="http://localhost:8080/job/maven%20test%20build/2/"/>
    <property key="SystemRoot" value="C:\windows"/>
    <property key="os.arch" value="amd64"/>
    <property key="java.awt.graphicsenv" value="sun.awt.Win32GraphicsEnvironment"/>
    <property key="java.ext.dirs" value="C:\Program Files\Java\jdk1.8.0_171\jre\lib\ext;C:\windows\Sun\Java\lib\ext"/>
    <property key="JOB_URL" value="http://localhost:8080/job/maven%20test%20build/"/>
    <property key="user.dir" value="C:\Phani\Mule ESB\Workspace\git\maven-test\test-maven"/>
    <property key="USERDOMAIN" value="WORKGROUP"/>
    <property key="MAVEN_HOME" value="C:\apache-maven-3.5.4"/>
    <property key="line.separator" value="&#xd;&#xa;"/>
    <property key="BASE" value="C:\Program Files (x86)\Jenkins"/>
    <property key="BUILD_NUMBER" value="2"/>
    <property key="java.vm.name" value="Java HotSpot(TM) 64-Bit Server VM"/>
    <property key="PROCESSOR_REVISION" value="4501"/>
    <property key="JENKINS_URL" value="http://localhost:8080/"/>
    <property key="GIT_BRANCH" value="origin/master"/>
    <property key="ProgramW6432" value="C:\Program Files"/>
    <property key="windir" value="C:\windows"/>
    <property key="GIT_COMMIT" value="b3b4d07d0d06d0cc16e195f636475112991e6bd0"/>
    <property key="SystemDrive" value="C:"/>
    <property key="file.encoding" value="Cp1252"/>
    <property key="maven3.interceptor" value="C:\Program Files (x86)\Jenkins\plugins\maven-plugin\WEB-INF\lib\maven35-interceptor-1.12-alpha-1.jar"/>
    <property key="WORKSPACE" value="C:\Program Files (x86)\Jenkins\workspace\maven test build"/>
    <property key="GIT_AUTHOR_EMAIL" value="phanihandy227@gmail.com"/>
    <property key="maven3.interceptor.common" value="C:\Program Files (x86)\Jenkins\plugins\maven-plugin\WEB-INF\lib\maven3-interceptor-commons-1.12-alpha-1.jar"/>
    <property key="WINSW_EXECUTABLE" value="C:\Program Files (x86)\Jenkins\jenkins.exe"/>
    <property key="TIBJMS_ROOT" value="C:\ProgramData\TIBCO_HOME_NEW\tibco\cfgmgmt\ems\data"/>
    <property key="RTV_USERPATH" value="C:\ProgramData\TIBCO_HOME_NEW\tibco\cfgmgmt\ems\data\clients\java\jms.jar;C:\ProgramData\TIBCO_HOME_NEW\tibco\cfgmgmt\ems\data\clients\java\tibjms.jar"/>
    <property key="PSModulePath" value="C:\windows\system32\WindowsPowerShell\v1.0\Modules\;C:\Program Files (x86)\Microsoft SQL Server\120\Tools\PowerShell\Modules\"/>
    <property key="java.specification.version" value="1.8"/>
    <property key="GIT_URL" value="https://github.com/Phanihandy227/maven-test.git"/>
    <property key="easyplussdk" value="&quot;C:\Program Files (x86)\Common Files\lenovo\easyplussdk\bin&quot;"/>
    <property key="mule.testingMode" value="true"/>
    <property key="mule.working.dir" value="C:\Phani\Mule ESB\Workspace\git\maven-test\test-maven\target\.mule"/>
  </properties>
  <testcase time="0.086" name="maven-test-munit-test-suite-test-mavenFlowTest" classname="maven-test-munit-test-suite"/>
</testsuite>